<?xml version="1.0" encoding="UTF-8"?>
<testng-results skipped="0" failed="0" ignored="0" total="2" passed="2">
  <reporter-output>
  </reporter-output>
  <suite name="Default suite" duration-ms="4375" started-at="2020-04-14T15:26:15Z" finished-at="2020-04-14T15:26:19Z">
    <groups>
    </groups>
    <test name="Default test" duration-ms="4375" started-at="2020-04-14T15:26:15Z" finished-at="2020-04-14T15:26:19Z">
      <class name="TestApis.DynamicJSON">
        <test-method status="PASS" signature="addbook(java.lang.String, java.lang.String)[pri:0, instance:TestApis.DynamicJSON@464bee09]" name="addbook" duration-ms="3839" started-at="2020-04-14T15:26:15Z" data-provider="bookdata" finished-at="2020-04-14T15:26:19Z">
          <params>
            <param index="0">
              <value>
                <![CDATA[abbb]]>
              </value>
            </param>
            <param index="1">
              <value>
                <![CDATA[235]]>
              </value>
            </param>
          </params>
          <reporter-output>
          </reporter-output>
        </test-method> <!-- addbook -->
        <test-method status="PASS" signature="addbook(java.lang.String, java.lang.String)[pri:0, instance:TestApis.DynamicJSON@464bee09]" name="addbook" duration-ms="485" started-at="2020-04-14T15:26:19Z" data-provider="bookdata" finished-at="2020-04-14T15:26:19Z">
          <params>
            <param index="0">
              <value>
                <![CDATA[d3hj]]>
              </value>
            </param>
            <param index="1">
              <value>
                <![CDATA[889]]>
              </value>
            </param>
          </params>
          <reporter-output>
          </reporter-output>
        </test-method> <!-- addbook -->
      </class> <!-- TestApis.DynamicJSON -->
    </test> <!-- Default test -->
  </suite> <!-- Default suite -->
</testng-results>
